<?xml version="1.0" encoding="UTF-8"?>
<testsuite xmlns:xsi="http://www.w3.org/2001/XMLSchema-instance" xsi:noNamespaceSchemaLocation="https://maven.apache.org/surefire/maven-surefire-plugin/xsd/surefire-test-report.xsd" version="3.0.2" name="com.magazin.magazina.MagazinaApplicationTests" time="59.298" tests="1" errors="0" skipped="0" failures="0">
  <properties>
    <property name="java.specification.version" value="21"/>
    <property name="sun.jnu.encoding" value="UTF-8"/>
    <property name="java.class.path" value="/home/mimche/Downloads/magazina/target/test-classes:/home/mimche/Downloads/magazina/target/classes:/home/mimche/.m2/repository/org/springframework/boot/spring-boot-starter-data-jpa/3.4.0/spring-boot-starter-data-jpa-3.4.0.jar:/home/mimche/.m2/repository/org/springframework/boot/spring-boot-starter/3.4.0/spring-boot-starter-3.4.0.jar:/home/mimche/.m2/repository/org/springframework/boot/spring-boot-starter-logging/3.4.0/spring-boot-starter-logging-3.4.0.jar:/home/mimche/.m2/repository/ch/qos/logback/logback-classic/1.5.12/logback-classic-1.5.12.jar:/home/mimche/.m2/repository/ch/qos/logback/logback-core/1.5.12/logback-core-1.5.12.jar:/home/mimche/.m2/repository/org/apache/logging/log4j/log4j-to-slf4j/2.24.1/log4j-to-slf4j-2.24.1.jar:/home/mimche/.m2/repository/org/apache/logging/log4j/log4j-api/2.24.1/log4j-api-2.24.1.jar:/home/mimche/.m2/repository/org/slf4j/jul-to-slf4j/2.0.16/jul-to-slf4j-2.0.16.jar:/home/mimche/.m2/repository/jakarta/annotation/jakarta.annotation-api/2.1.1/jakarta.annotation-api-2.1.1.jar:/home/mimche/.m2/repository/org/yaml/snakeyaml/2.3/snakeyaml-2.3.jar:/home/mimche/.m2/repository/org/springframework/boot/spring-boot-starter-jdbc/3.4.0/spring-boot-starter-jdbc-3.4.0.jar:/home/mimche/.m2/repository/com/zaxxer/HikariCP/5.1.0/HikariCP-5.1.0.jar:/home/mimche/.m2/repository/org/springframework/spring-jdbc/6.2.0/spring-jdbc-6.2.0.jar:/home/mimche/.m2/repository/org/springframework/data/spring-data-jpa/3.4.0/spring-data-jpa-3.4.0.jar:/home/mimche/.m2/repository/org/springframework/data/spring-data-commons/3.4.0/spring-data-commons-3.4.0.jar:/home/mimche/.m2/repository/org/springframework/spring-orm/6.2.0/spring-orm-6.2.0.jar:/home/mimche/.m2/repository/org/springframework/spring-tx/6.2.0/spring-tx-6.2.0.jar:/home/mimche/.m2/repository/org/slf4j/slf4j-api/2.0.16/slf4j-api-2.0.16.jar:/home/mimche/.m2/repository/org/springframework/spring-aspects/6.2.0/spring-aspects-6.2.0.jar:/home/mimche/.m2/repository/org/aspectj/aspectjweaver/1.9.22.1/aspectjweaver-1.9.22.1.jar:/home/mimche/.m2/repository/org/springframework/boot/spring-boot-starter-web/3.4.0/spring-boot-starter-web-3.4.0.jar:/home/mimche/.m2/repository/org/springframework/boot/spring-boot-starter-json/3.4.0/spring-boot-starter-json-3.4.0.jar:/home/mimche/.m2/repository/com/fasterxml/jackson/datatype/jackson-datatype-jdk8/2.18.1/jackson-datatype-jdk8-2.18.1.jar:/home/mimche/.m2/repository/com/fasterxml/jackson/datatype/jackson-datatype-jsr310/2.18.1/jackson-datatype-jsr310-2.18.1.jar:/home/mimche/.m2/repository/com/fasterxml/jackson/module/jackson-module-parameter-names/2.18.1/jackson-module-parameter-names-2.18.1.jar:/home/mimche/.m2/repository/org/springframework/boot/spring-boot-starter-tomcat/3.4.0/spring-boot-starter-tomcat-3.4.0.jar:/home/mimche/.m2/repository/org/apache/tomcat/embed/tomcat-embed-core/10.1.33/tomcat-embed-core-10.1.33.jar:/home/mimche/.m2/repository/org/apache/tomcat/embed/tomcat-embed-el/10.1.33/tomcat-embed-el-10.1.33.jar:/home/mimche/.m2/repository/org/apache/tomcat/embed/tomcat-embed-websocket/10.1.33/tomcat-embed-websocket-10.1.33.jar:/home/mimche/.m2/repository/org/springframework/spring-web/6.2.0/spring-web-6.2.0.jar:/home/mimche/.m2/repository/io/micrometer/micrometer-observation/1.14.1/micrometer-observation-1.14.1.jar:/home/mimche/.m2/repository/io/micrometer/micrometer-commons/1.14.1/micrometer-commons-1.14.1.jar:/home/mimche/.m2/repository/org/springframework/spring-webmvc/6.2.0/spring-webmvc-6.2.0.jar:/home/mimche/.m2/repository/org/springframework/boot/spring-boot-devtools/3.4.0/spring-boot-devtools-3.4.0.jar:/home/mimche/.m2/repository/org/springframework/boot/spring-boot/3.4.0/spring-boot-3.4.0.jar:/home/mimche/.m2/repository/org/springframework/boot/spring-boot-autoconfigure/3.4.0/spring-boot-autoconfigure-3.4.0.jar:/home/mimche/.m2/repository/org/springframework/boot/spring-boot-starter-test/3.4.0/spring-boot-starter-test-3.4.0.jar:/home/mimche/.m2/repository/org/springframework/boot/spring-boot-test/3.4.0/spring-boot-test-3.4.0.jar:/home/mimche/.m2/repository/org/springframework/boot/spring-boot-test-autoconfigure/3.4.0/spring-boot-test-autoconfigure-3.4.0.jar:/home/mimche/.m2/repository/com/jayway/jsonpath/json-path/2.9.0/json-path-2.9.0.jar:/home/mimche/.m2/repository/jakarta/xml/bind/jakarta.xml.bind-api/4.0.2/jakarta.xml.bind-api-4.0.2.jar:/home/mimche/.m2/repository/jakarta/activation/jakarta.activation-api/2.1.3/jakarta.activation-api-2.1.3.jar:/home/mimche/.m2/repository/net/minidev/json-smart/2.5.1/json-smart-2.5.1.jar:/home/mimche/.m2/repository/net/minidev/accessors-smart/2.5.1/accessors-smart-2.5.1.jar:/home/mimche/.m2/repository/org/ow2/asm/asm/9.6/asm-9.6.jar:/home/mimche/.m2/repository/org/assertj/assertj-core/3.26.3/assertj-core-3.26.3.jar:/home/mimche/.m2/repository/org/awaitility/awaitility/4.2.2/awaitility-4.2.2.jar:/home/mimche/.m2/repository/org/hamcrest/hamcrest/2.2/hamcrest-2.2.jar:/home/mimche/.m2/repository/org/junit/jupiter/junit-jupiter/5.11.3/junit-jupiter-5.11.3.jar:/home/mimche/.m2/repository/org/junit/jupiter/junit-jupiter-api/5.11.3/junit-jupiter-api-5.11.3.jar:/home/mimche/.m2/repository/org/opentest4j/opentest4j/1.3.0/opentest4j-1.3.0.jar:/home/mimche/.m2/repository/org/junit/platform/junit-platform-commons/1.11.3/junit-platform-commons-1.11.3.jar:/home/mimche/.m2/repository/org/apiguardian/apiguardian-api/1.1.2/apiguardian-api-1.1.2.jar:/home/mimche/.m2/repository/org/junit/jupiter/junit-jupiter-params/5.11.3/junit-jupiter-params-5.11.3.jar:/home/mimche/.m2/repository/org/junit/jupiter/junit-jupiter-engine/5.11.3/junit-jupiter-engine-5.11.3.jar:/home/mimche/.m2/repository/org/junit/platform/junit-platform-engine/1.11.3/junit-platform-engine-1.11.3.jar:/home/mimche/.m2/repository/org/mockito/mockito-core/5.14.2/mockito-core-5.14.2.jar:/home/mimche/.m2/repository/net/bytebuddy/byte-buddy-agent/1.15.10/byte-buddy-agent-1.15.10.jar:/home/mimche/.m2/repository/org/objenesis/objenesis/3.3/objenesis-3.3.jar:/home/mimche/.m2/repository/org/mockito/mockito-junit-jupiter/5.14.2/mockito-junit-jupiter-5.14.2.jar:/home/mimche/.m2/repository/org/skyscreamer/jsonassert/1.5.3/jsonassert-1.5.3.jar:/home/mimche/.m2/repository/com/vaadin/external/google/android-json/0.0.20131108.vaadin1/android-json-0.0.20131108.vaadin1.jar:/home/mimche/.m2/repository/org/springframework/spring-core/6.2.0/spring-core-6.2.0.jar:/home/mimche/.m2/repository/org/springframework/spring-jcl/6.2.0/spring-jcl-6.2.0.jar:/home/mimche/.m2/repository/org/springframework/spring-test/6.2.0/spring-test-6.2.0.jar:/home/mimche/.m2/repository/org/xmlunit/xmlunit-core/2.10.0/xmlunit-core-2.10.0.jar:/home/mimche/.m2/repository/org/postgresql/postgresql/42.7.4/postgresql-42.7.4.jar:/home/mimche/.m2/repository/org/checkerframework/checker-qual/3.42.0/checker-qual-3.42.0.jar:/home/mimche/.m2/repository/org/projectlombok/lombok/1.18.30/lombok-1.18.30.jar:/home/mimche/.m2/repository/org/springframework/security/spring-security-web/6.4.1/spring-security-web-6.4.1.jar:/home/mimche/.m2/repository/org/springframework/security/spring-security-core/6.4.1/spring-security-core-6.4.1.jar:/home/mimche/.m2/repository/org/springframework/security/spring-security-crypto/6.4.1/spring-security-crypto-6.4.1.jar:/home/mimche/.m2/repository/org/springframework/spring-aop/6.2.0/spring-aop-6.2.0.jar:/home/mimche/.m2/repository/org/springframework/spring-beans/6.2.0/spring-beans-6.2.0.jar:/home/mimche/.m2/repository/org/springframework/spring-context/6.2.0/spring-context-6.2.0.jar:/home/mimche/.m2/repository/org/springframework/spring-expression/6.2.0/spring-expression-6.2.0.jar:/home/mimche/.m2/repository/org/springframework/security/spring-security-config/6.4.1/spring-security-config-6.4.1.jar:/home/mimche/.m2/repository/io/jsonwebtoken/jjwt-api/0.11.5/jjwt-api-0.11.5.jar:/home/mimche/.m2/repository/io/jsonwebtoken/jjwt-impl/0.11.5/jjwt-impl-0.11.5.jar:/home/mimche/.m2/repository/io/jsonwebtoken/jjwt-jackson/0.11.5/jjwt-jackson-0.11.5.jar:/home/mimche/.m2/repository/jakarta/persistence/jakarta.persistence-api/3.1.0/jakarta.persistence-api-3.1.0.jar:/home/mimche/.m2/repository/org/hibernate/orm/hibernate-core/6.2.0.Final/hibernate-core-6.2.0.Final.jar:/home/mimche/.m2/repository/jakarta/transaction/jakarta.transaction-api/2.0.1/jakarta.transaction-api-2.0.1.jar:/home/mimche/.m2/repository/org/jboss/logging/jboss-logging/3.6.1.Final/jboss-logging-3.6.1.Final.jar:/home/mimche/.m2/repository/org/hibernate/common/hibernate-commons-annotations/6.0.6.Final/hibernate-commons-annotations-6.0.6.Final.jar:/home/mimche/.m2/repository/io/smallrye/jandex/3.0.5/jandex-3.0.5.jar:/home/mimche/.m2/repository/com/fasterxml/classmate/1.7.0/classmate-1.7.0.jar:/home/mimche/.m2/repository/net/bytebuddy/byte-buddy/1.15.10/byte-buddy-1.15.10.jar:/home/mimche/.m2/repository/org/glassfish/jaxb/jaxb-runtime/4.0.5/jaxb-runtime-4.0.5.jar:/home/mimche/.m2/repository/org/glassfish/jaxb/jaxb-core/4.0.5/jaxb-core-4.0.5.jar:/home/mimche/.m2/repository/org/eclipse/angus/angus-activation/2.0.2/angus-activation-2.0.2.jar:/home/mimche/.m2/repository/org/glassfish/jaxb/txw2/4.0.5/txw2-4.0.5.jar:/home/mimche/.m2/repository/com/sun/istack/istack-commons-runtime/4.1.2/istack-commons-runtime-4.1.2.jar:/home/mimche/.m2/repository/jakarta/inject/jakarta.inject-api/2.0.1/jakarta.inject-api-2.0.1.jar:/home/mimche/.m2/repository/org/antlr/antlr4-runtime/4.10.1/antlr4-runtime-4.10.1.jar:/home/mimche/.m2/repository/com/fasterxml/jackson/core/jackson-databind/2.15.0/jackson-databind-2.15.0.jar:/home/mimche/.m2/repository/com/fasterxml/jackson/core/jackson-annotations/2.18.1/jackson-annotations-2.18.1.jar:/home/mimche/.m2/repository/com/fasterxml/jackson/core/jackson-core/2.18.1/jackson-core-2.18.1.jar:/home/mimche/.m2/repository/com/fasterxml/jackson/datatype/jackson-datatype-hibernate5-jakarta/2.15.0/jackson-datatype-hibernate5-jakarta-2.15.0.jar:/home/mimche/.m2/repository/org/hibernate/validator/hibernate-validator/6.2.0.Final/hibernate-validator-6.2.0.Final.jar:/home/mimche/.m2/repository/jakarta/validation/jakarta.validation-api/3.0.2/jakarta.validation-api-3.0.2.jar:"/>
    <property name="java.vm.vendor" value="Ubuntu"/>
    <property name="sun.arch.data.model" value="64"/>
    <property name="java.vendor.url" value="https://ubuntu.com/"/>
    <property name="user.timezone" value="Africa/Ndjamena"/>
    <property name="org.jboss.logging.provider" value="slf4j"/>
    <property name="os.name" value="Linux"/>
    <property name="java.vm.specification.version" value="21"/>
    <property name="sun.java.launcher" value="SUN_STANDARD"/>
    <property name="user.country" value="US"/>
    <property name="sun.boot.library.path" value="/usr/lib/jvm/java-21-openjdk-amd64/lib"/>
    <property name="sun.java.command" value="/home/mimche/Downloads/magazina/target/surefire/surefirebooter-20250103123348658_3.jar /home/mimche/Downloads/magazina/target/surefire 2025-01-03T12-33-48_494-jvmRun1 surefire-20250103123348658_1tmp surefire_0-20250103123348658_2tmp"/>
    <property name="jdk.debug" value="release"/>
    <property name="surefire.test.class.path" value="/home/mimche/Downloads/magazina/target/test-classes:/home/mimche/Downloads/magazina/target/classes:/home/mimche/.m2/repository/org/springframework/boot/spring-boot-starter-data-jpa/3.4.0/spring-boot-starter-data-jpa-3.4.0.jar:/home/mimche/.m2/repository/org/springframework/boot/spring-boot-starter/3.4.0/spring-boot-starter-3.4.0.jar:/home/mimche/.m2/repository/org/springframework/boot/spring-boot-starter-logging/3.4.0/spring-boot-starter-logging-3.4.0.jar:/home/mimche/.m2/repository/ch/qos/logback/logback-classic/1.5.12/logback-classic-1.5.12.jar:/home/mimche/.m2/repository/ch/qos/logback/logback-core/1.5.12/logback-core-1.5.12.jar:/home/mimche/.m2/repository/org/apache/logging/log4j/log4j-to-slf4j/2.24.1/log4j-to-slf4j-2.24.1.jar:/home/mimche/.m2/repository/org/apache/logging/log4j/log4j-api/2.24.1/log4j-api-2.24.1.jar:/home/mimche/.m2/repository/org/slf4j/jul-to-slf4j/2.0.16/jul-to-slf4j-2.0.16.jar:/home/mimche/.m2/repository/jakarta/annotation/jakarta.annotation-api/2.1.1/jakarta.annotation-api-2.1.1.jar:/home/mimche/.m2/repository/org/yaml/snakeyaml/2.3/snakeyaml-2.3.jar:/home/mimche/.m2/repository/org/springframework/boot/spring-boot-starter-jdbc/3.4.0/spring-boot-starter-jdbc-3.4.0.jar:/home/mimche/.m2/repository/com/zaxxer/HikariCP/5.1.0/HikariCP-5.1.0.jar:/home/mimche/.m2/repository/org/springframework/spring-jdbc/6.2.0/spring-jdbc-6.2.0.jar:/home/mimche/.m2/repository/org/springframework/data/spring-data-jpa/3.4.0/spring-data-jpa-3.4.0.jar:/home/mimche/.m2/repository/org/springframework/data/spring-data-commons/3.4.0/spring-data-commons-3.4.0.jar:/home/mimche/.m2/repository/org/springframework/spring-orm/6.2.0/spring-orm-6.2.0.jar:/home/mimche/.m2/repository/org/springframework/spring-tx/6.2.0/spring-tx-6.2.0.jar:/home/mimche/.m2/repository/org/slf4j/slf4j-api/2.0.16/slf4j-api-2.0.16.jar:/home/mimche/.m2/repository/org/springframework/spring-aspects/6.2.0/spring-aspects-6.2.0.jar:/home/mimche/.m2/repository/org/aspectj/aspectjweaver/1.9.22.1/aspectjweaver-1.9.22.1.jar:/home/mimche/.m2/repository/org/springframework/boot/spring-boot-starter-web/3.4.0/spring-boot-starter-web-3.4.0.jar:/home/mimche/.m2/repository/org/springframework/boot/spring-boot-starter-json/3.4.0/spring-boot-starter-json-3.4.0.jar:/home/mimche/.m2/repository/com/fasterxml/jackson/datatype/jackson-datatype-jdk8/2.18.1/jackson-datatype-jdk8-2.18.1.jar:/home/mimche/.m2/repository/com/fasterxml/jackson/datatype/jackson-datatype-jsr310/2.18.1/jackson-datatype-jsr310-2.18.1.jar:/home/mimche/.m2/repository/com/fasterxml/jackson/module/jackson-module-parameter-names/2.18.1/jackson-module-parameter-names-2.18.1.jar:/home/mimche/.m2/repository/org/springframework/boot/spring-boot-starter-tomcat/3.4.0/spring-boot-starter-tomcat-3.4.0.jar:/home/mimche/.m2/repository/org/apache/tomcat/embed/tomcat-embed-core/10.1.33/tomcat-embed-core-10.1.33.jar:/home/mimche/.m2/repository/org/apache/tomcat/embed/tomcat-embed-el/10.1.33/tomcat-embed-el-10.1.33.jar:/home/mimche/.m2/repository/org/apache/tomcat/embed/tomcat-embed-websocket/10.1.33/tomcat-embed-websocket-10.1.33.jar:/home/mimche/.m2/repository/org/springframework/spring-web/6.2.0/spring-web-6.2.0.jar:/home/mimche/.m2/repository/io/micrometer/micrometer-observation/1.14.1/micrometer-observation-1.14.1.jar:/home/mimche/.m2/repository/io/micrometer/micrometer-commons/1.14.1/micrometer-commons-1.14.1.jar:/home/mimche/.m2/repository/org/springframework/spring-webmvc/6.2.0/spring-webmvc-6.2.0.jar:/home/mimche/.m2/repository/org/springframework/boot/spring-boot-devtools/3.4.0/spring-boot-devtools-3.4.0.jar:/home/mimche/.m2/repository/org/springframework/boot/spring-boot/3.4.0/spring-boot-3.4.0.jar:/home/mimche/.m2/repository/org/springframework/boot/spring-boot-autoconfigure/3.4.0/spring-boot-autoconfigure-3.4.0.jar:/home/mimche/.m2/repository/org/springframework/boot/spring-boot-starter-test/3.4.0/spring-boot-starter-test-3.4.0.jar:/home/mimche/.m2/repository/org/springframework/boot/spring-boot-test/3.4.0/spring-boot-test-3.4.0.jar:/home/mimche/.m2/repository/org/springframework/boot/spring-boot-test-autoconfigure/3.4.0/spring-boot-test-autoconfigure-3.4.0.jar:/home/mimche/.m2/repository/com/jayway/jsonpath/json-path/2.9.0/json-path-2.9.0.jar:/home/mimche/.m2/repository/jakarta/xml/bind/jakarta.xml.bind-api/4.0.2/jakarta.xml.bind-api-4.0.2.jar:/home/mimche/.m2/repository/jakarta/activation/jakarta.activation-api/2.1.3/jakarta.activation-api-2.1.3.jar:/home/mimche/.m2/repository/net/minidev/json-smart/2.5.1/json-smart-2.5.1.jar:/home/mimche/.m2/repository/net/minidev/accessors-smart/2.5.1/accessors-smart-2.5.1.jar:/home/mimche/.m2/repository/org/ow2/asm/asm/9.6/asm-9.6.jar:/home/mimche/.m2/repository/org/assertj/assertj-core/3.26.3/assertj-core-3.26.3.jar:/home/mimche/.m2/repository/org/awaitility/awaitility/4.2.2/awaitility-4.2.2.jar:/home/mimche/.m2/repository/org/hamcrest/hamcrest/2.2/hamcrest-2.2.jar:/home/mimche/.m2/repository/org/junit/jupiter/junit-jupiter/5.11.3/junit-jupiter-5.11.3.jar:/home/mimche/.m2/repository/org/junit/jupiter/junit-jupiter-api/5.11.3/junit-jupiter-api-5.11.3.jar:/home/mimche/.m2/repository/org/opentest4j/opentest4j/1.3.0/opentest4j-1.3.0.jar:/home/mimche/.m2/repository/org/junit/platform/junit-platform-commons/1.11.3/junit-platform-commons-1.11.3.jar:/home/mimche/.m2/repository/org/apiguardian/apiguardian-api/1.1.2/apiguardian-api-1.1.2.jar:/home/mimche/.m2/repository/org/junit/jupiter/junit-jupiter-params/5.11.3/junit-jupiter-params-5.11.3.jar:/home/mimche/.m2/repository/org/junit/jupiter/junit-jupiter-engine/5.11.3/junit-jupiter-engine-5.11.3.jar:/home/mimche/.m2/repository/org/junit/platform/junit-platform-engine/1.11.3/junit-platform-engine-1.11.3.jar:/home/mimche/.m2/repository/org/mockito/mockito-core/5.14.2/mockito-core-5.14.2.jar:/home/mimche/.m2/repository/net/bytebuddy/byte-buddy-agent/1.15.10/byte-buddy-agent-1.15.10.jar:/home/mimche/.m2/repository/org/objenesis/objenesis/3.3/objenesis-3.3.jar:/home/mimche/.m2/repository/org/mockito/mockito-junit-jupiter/5.14.2/mockito-junit-jupiter-5.14.2.jar:/home/mimche/.m2/repository/org/skyscreamer/jsonassert/1.5.3/jsonassert-1.5.3.jar:/home/mimche/.m2/repository/com/vaadin/external/google/android-json/0.0.20131108.vaadin1/android-json-0.0.20131108.vaadin1.jar:/home/mimche/.m2/repository/org/springframework/spring-core/6.2.0/spring-core-6.2.0.jar:/home/mimche/.m2/repository/org/springframework/spring-jcl/6.2.0/spring-jcl-6.2.0.jar:/home/mimche/.m2/repository/org/springframework/spring-test/6.2.0/spring-test-6.2.0.jar:/home/mimche/.m2/repository/org/xmlunit/xmlunit-core/2.10.0/xmlunit-core-2.10.0.jar:/home/mimche/.m2/repository/org/postgresql/postgresql/42.7.4/postgresql-42.7.4.jar:/home/mimche/.m2/repository/org/checkerframework/checker-qual/3.42.0/checker-qual-3.42.0.jar:/home/mimche/.m2/repository/org/projectlombok/lombok/1.18.30/lombok-1.18.30.jar:/home/mimche/.m2/repository/org/springframework/security/spring-security-web/6.4.1/spring-security-web-6.4.1.jar:/home/mimche/.m2/repository/org/springframework/security/spring-security-core/6.4.1/spring-security-core-6.4.1.jar:/home/mimche/.m2/repository/org/springframework/security/spring-security-crypto/6.4.1/spring-security-crypto-6.4.1.jar:/home/mimche/.m2/repository/org/springframework/spring-aop/6.2.0/spring-aop-6.2.0.jar:/home/mimche/.m2/repository/org/springframework/spring-beans/6.2.0/spring-beans-6.2.0.jar:/home/mimche/.m2/repository/org/springframework/spring-context/6.2.0/spring-context-6.2.0.jar:/home/mimche/.m2/repository/org/springframework/spring-expression/6.2.0/spring-expression-6.2.0.jar:/home/mimche/.m2/repository/org/springframework/security/spring-security-config/6.4.1/spring-security-config-6.4.1.jar:/home/mimche/.m2/repository/io/jsonwebtoken/jjwt-api/0.11.5/jjwt-api-0.11.5.jar:/home/mimche/.m2/repository/io/jsonwebtoken/jjwt-impl/0.11.5/jjwt-impl-0.11.5.jar:/home/mimche/.m2/repository/io/jsonwebtoken/jjwt-jackson/0.11.5/jjwt-jackson-0.11.5.jar:/home/mimche/.m2/repository/jakarta/persistence/jakarta.persistence-api/3.1.0/jakarta.persistence-api-3.1.0.jar:/home/mimche/.m2/repository/org/hibernate/orm/hibernate-core/6.2.0.Final/hibernate-core-6.2.0.Final.jar:/home/mimche/.m2/repository/jakarta/transaction/jakarta.transaction-api/2.0.1/jakarta.transaction-api-2.0.1.jar:/home/mimche/.m2/repository/org/jboss/logging/jboss-logging/3.6.1.Final/jboss-logging-3.6.1.Final.jar:/home/mimche/.m2/repository/org/hibernate/common/hibernate-commons-annotations/6.0.6.Final/hibernate-commons-annotations-6.0.6.Final.jar:/home/mimche/.m2/repository/io/smallrye/jandex/3.0.5/jandex-3.0.5.jar:/home/mimche/.m2/repository/com/fasterxml/classmate/1.7.0/classmate-1.7.0.jar:/home/mimche/.m2/repository/net/bytebuddy/byte-buddy/1.15.10/byte-buddy-1.15.10.jar:/home/mimche/.m2/repository/org/glassfish/jaxb/jaxb-runtime/4.0.5/jaxb-runtime-4.0.5.jar:/home/mimche/.m2/repository/org/glassfish/jaxb/jaxb-core/4.0.5/jaxb-core-4.0.5.jar:/home/mimche/.m2/repository/org/eclipse/angus/angus-activation/2.0.2/angus-activation-2.0.2.jar:/home/mimche/.m2/repository/org/glassfish/jaxb/txw2/4.0.5/txw2-4.0.5.jar:/home/mimche/.m2/repository/com/sun/istack/istack-commons-runtime/4.1.2/istack-commons-runtime-4.1.2.jar:/home/mimche/.m2/repository/jakarta/inject/jakarta.inject-api/2.0.1/jakarta.inject-api-2.0.1.jar:/home/mimche/.m2/repository/org/antlr/antlr4-runtime/4.10.1/antlr4-runtime-4.10.1.jar:/home/mimche/.m2/repository/com/fasterxml/jackson/core/jackson-databind/2.15.0/jackson-databind-2.15.0.jar:/home/mimche/.m2/repository/com/fasterxml/jackson/core/jackson-annotations/2.18.1/jackson-annotations-2.18.1.jar:/home/mimche/.m2/repository/com/fasterxml/jackson/core/jackson-core/2.18.1/jackson-core-2.18.1.jar:/home/mimche/.m2/repository/com/fasterxml/jackson/datatype/jackson-datatype-hibernate5-jakarta/2.15.0/jackson-datatype-hibernate5-jakarta-2.15.0.jar:/home/mimche/.m2/repository/org/hibernate/validator/hibernate-validator/6.2.0.Final/hibernate-validator-6.2.0.Final.jar:/home/mimche/.m2/repository/jakarta/validation/jakarta.validation-api/3.0.2/jakarta.validation-api-3.0.2.jar:"/>
    <property name="sun.cpu.endian" value="little"/>
    <property name="user.home" value="/home/mimche"/>
    <property name="user.language" value="en"/>
    <property name="java.specification.vendor" value="Oracle Corporation"/>
    <property name="java.version.date" value="2024-10-15"/>
    <property name="java.home" value="/usr/lib/jvm/java-21-openjdk-amd64"/>
    <property name="file.separator" value="/"/>
    <property name="basedir" value="/home/mimche/Downloads/magazina"/>
    <property name="java.vm.compressedOopsMode" value="Zero based"/>
    <property name="line.separator" value="&#10;"/>
    <property name="java.vm.specification.vendor" value="Oracle Corporation"/>
    <property name="java.specification.name" value="Java Platform API Specification"/>
    <property name="FILE_LOG_CHARSET" value="UTF-8"/>
    <property name="java.awt.headless" value="true"/>
    <property name="surefire.real.class.path" value="/home/mimche/Downloads/magazina/target/surefire/surefirebooter-20250103123348658_3.jar"/>
    <property name="sun.management.compiler" value="HotSpot 64-Bit Tiered Compilers"/>
    <property name="java.runtime.version" value="21.0.5+11-Ubuntu-1ubuntu122.04"/>
    <property name="user.name" value="mimche"/>
    <property name="stdout.encoding" value="UTF-8"/>
    <property name="path.separator" value=":"/>
    <property name="os.version" value="6.8.0-40-generic"/>
    <property name="java.runtime.name" value="OpenJDK Runtime Environment"/>
    <property name="file.encoding" value="UTF-8"/>
    <property name="java.vm.name" value="OpenJDK 64-Bit Server VM"/>
    <property name="localRepository" value="/home/mimche/.m2/repository"/>
    <property name="java.vendor.url.bug" value="https://bugs.launchpad.net/ubuntu/+source/openjdk-21"/>
    <property name="java.io.tmpdir" value="/tmp"/>
    <property name="com.zaxxer.hikari.pool_number" value="1"/>
    <property name="java.version" value="21.0.5"/>
    <property name="user.dir" value="/home/mimche/Downloads/magazina"/>
    <property name="os.arch" value="amd64"/>
    <property name="java.vm.specification.name" value="Java Virtual Machine Specification"/>
    <property name="PID" value="452151"/>
    <property name="CONSOLE_LOG_CHARSET" value="UTF-8"/>
    <property name="native.encoding" value="UTF-8"/>
    <property name="java.library.path" value="/usr/java/packages/lib:/usr/lib/x86_64-linux-gnu/jni:/lib/x86_64-linux-gnu:/usr/lib/x86_64-linux-gnu:/usr/lib/jni:/lib:/usr/lib"/>
    <property name="java.vm.info" value="mixed mode, sharing"/>
    <property name="stderr.encoding" value="UTF-8"/>
    <property name="java.vendor" value="Ubuntu"/>
    <property name="java.vm.version" value="21.0.5+11-Ubuntu-1ubuntu122.04"/>
    <property name="sun.io.unicode.encoding" value="UnicodeLittle"/>
    <property name="java.class.version" value="65.0"/>
  </properties>
  <testcase name="contextLoads" classname="com.magazin.magazina.MagazinaApplicationTests" time="1.012">
    <system-out><![CDATA[12:33:49.991 [main] INFO org.springframework.test.context.support.AnnotationConfigContextLoaderUtils -- Could not detect default configuration classes for test class [com.magazin.magazina.MagazinaApplicationTests]: MagazinaApplicationTests does not declare any static, non-private, non-final, nested classes annotated with @Configuration.
12:33:50.186 [main] INFO org.springframework.boot.test.context.SpringBootTestContextBootstrapper -- Found @SpringBootConfiguration com.magazin.magazina.MagazinaApplication for test class com.magazin.magazina.MagazinaApplicationTests
12:33:50.529 [main] INFO org.springframework.boot.devtools.restart.RestartApplicationListener -- Restart disabled due to context in which it is running

  .   ____          _            __ _ _
 /\\ / ___'_ __ _ _(_)_ __  __ _ \ \ \ \
( ( )\___ | '_ | '_| | '_ \/ _` | \ \ \ \
 \\/  ___)| |_)| | | | | || (_| |  ) ) ) )
  '  |____| .__|_| |_|_| |_\__, | / / / /
 =========|_|==============|___/=/_/_/_/

 :: Spring Boot ::                (v3.4.0)

2025-01-03T12:33:51.457+01:00  INFO 452151 --- [           main] c.m.magazina.MagazinaApplicationTests    : Starting MagazinaApplicationTests using Java 21.0.5 with PID 452151 (started by mimche in /home/mimche/Downloads/magazina)
2025-01-03T12:33:51.461+01:00  INFO 452151 --- [           main] c.m.magazina.MagazinaApplicationTests    : No active profile set, falling back to 1 default profile: "default"
2025-01-03T12:33:51.544+01:00 DEBUG 452151 --- [           main] o.s.w.c.s.GenericWebApplicationContext   : Refreshing org.springframework.web.context.support.GenericWebApplicationContext@29006752
2025-01-03T12:33:53.444+01:00  INFO 452151 --- [           main] .s.d.r.c.RepositoryConfigurationDelegate : Bootstrapping Spring Data JPA repositories in DEFAULT mode.
2025-01-03T12:33:53.637+01:00  INFO 452151 --- [           main] .s.d.r.c.RepositoryConfigurationDelegate : Finished Spring Data repository scanning in 168 ms. Found 10 JPA repository interfaces.
2025-01-03T12:33:55.000+01:00  INFO 452151 --- [           main] o.hibernate.jpa.internal.util.LogHelper  : HHH000204: Processing PersistenceUnitInfo [name: default]
2025-01-03T12:33:55.120+01:00  INFO 452151 --- [           main] org.hibernate.Version                    : HHH000412: Hibernate ORM core version 6.2.0.Final
2025-01-03T12:33:55.127+01:00  INFO 452151 --- [           main] org.hibernate.cfg.Environment            : HHH000406: Using bytecode reflection optimizer
2025-01-03T12:33:55.482+01:00  INFO 452151 --- [           main] o.h.b.i.BytecodeProviderInitiator        : HHH000021: Bytecode provider name : bytebuddy
2025-01-03T12:33:55.844+01:00  INFO 452151 --- [           main] o.s.o.j.p.SpringPersistenceUnitInfo      : No LoadTimeWeaver setup: ignoring JPA class transformer
2025-01-03T12:33:55.885+01:00  INFO 452151 --- [           main] com.zaxxer.hikari.HikariDataSource       : HikariPool-1 - Starting...
2025-01-03T12:34:02.887+01:00  INFO 452151 --- [           main] com.zaxxer.hikari.pool.HikariPool        : HikariPool-1 - Added connection org.postgresql.jdbc.PgConnection@71139e77
2025-01-03T12:34:02.890+01:00  INFO 452151 --- [           main] com.zaxxer.hikari.HikariDataSource       : HikariPool-1 - Start completed.
2025-01-03T12:34:04.542+01:00  INFO 452151 --- [           main] SQL dialect                              : HHH000400: Using dialect: org.hibernate.dialect.PostgreSQLDialect
2025-01-03T12:34:08.230+01:00  INFO 452151 --- [           main] o.h.b.i.BytecodeProviderInitiator        : HHH000021: Bytecode provider name : bytebuddy
2025-01-03T12:34:09.787+01:00  INFO 452151 --- [           main] o.h.e.t.j.p.i.JtaPlatformInitiator       : HHH000490: Using JtaPlatform implementation: [org.hibernate.engine.transaction.jta.platform.internal.NoJtaPlatform]
Hibernate: create table categories (id serial not null, created_at timestamp(6), image_url varchar(255), name varchar(255), updated_at timestamp(6), primary key (id))
Hibernate: create table customers (id integer not null, address varchar(255), city varchar(255), country varchar(255), created_at timestamp(6) not null, latitude float(53) not null, longitude float(53) not null, postal_code varchar(255), state varchar(255), updated_at timestamp(6), user_id INTEGER not null, primary key (id))
Hibernate: create table order_items (id serial not null, created_at timestamp(6), quantity integer, updated_at timestamp(6), order_id integer, product_id integer, primary key (id))
Hibernate: create table orders (id serial not null, created_at timestamp(6) not null, payment_method varchar(255), total_cost float(53) not null, updated_at timestamp(6), customer_id integer, primary key (id))
Hibernate: create table product_categories (id integer not null, created_at timestamp(6), image_url varchar(255), name varchar(255), updated_at timestamp(6), category_id INTEGER, primary key (id))
Hibernate: create table product_images (id serial not null, image_url varchar(255), product_id integer, primary key (id))
Hibernate: create table products (id serial not null, created_at timestamp(6), description varchar(255), height float(53), length float(53), name varchar(255), price float(53), updated_at timestamp(6), weight float(53), width float(53), category_id INTEGER, supplier_id integer, primary key (id))
Hibernate: create table stocks (id serial not null, created_at timestamp(6), movement_reason varchar(255), movement_type varchar(255) check (movement_type in ('Arrival','Departure','TRANSFERRED')), quantity integer not null, reorder_level integer, sku varchar(255) not null, status varchar(255) not null check (status in ('IN_STOCK','OUT_OF_STOCK','DISCONTINUED','PRE_ORDER','BACK_ORDER','LIMITED_AVAILABILITY','PENDING','DAMAGED','RETIRED')), updated_at timestamp(6), created_by integer, product_id integer, updated_by integer, primary key (id))
Hibernate: create table suppliers (id integer not null, address varchar(255), created_at timestamp(6), name varchar(255), tax_id varchar(255), updated_at timestamp(6), user_id integer not null, primary key (id))
Hibernate: create table users (id serial not null, created_at timestamp(6), email varchar(255) not null, firstname varchar(255), lastname varchar(255), password varchar(255) not null, phone varchar(255), role varchar(255) check (role in ('USER','MANAGER','SUPPLIER','ADMIN')), updated_at timestamp(6), primary key (id))
Hibernate: alter table if exists customers drop constraint if exists UK_euat1oase6eqv195jvb71a93s
2025-01-03T12:34:22.917+01:00  WARN 452151 --- [           main] o.h.engine.jdbc.spi.SqlExceptionHelper   : SQL Warning Code: 0, SQLState: 00000
2025-01-03T12:34:22.918+01:00  WARN 452151 --- [           main] o.h.engine.jdbc.spi.SqlExceptionHelper   : constraint "uk_euat1oase6eqv195jvb71a93s" of relation "customers" does not exist, skipping
Hibernate: alter table if exists customers add constraint UK_euat1oase6eqv195jvb71a93s unique (user_id)
Hibernate: alter table if exists stocks drop constraint if exists UK_f6ddlc476fbtgxorifesvc4ff
2025-01-03T12:34:24.169+01:00  WARN 452151 --- [           main] o.h.engine.jdbc.spi.SqlExceptionHelper   : SQL Warning Code: 0, SQLState: 00000
2025-01-03T12:34:24.170+01:00  WARN 452151 --- [           main] o.h.engine.jdbc.spi.SqlExceptionHelper   : constraint "uk_f6ddlc476fbtgxorifesvc4ff" of relation "stocks" does not exist, skipping
Hibernate: alter table if exists stocks add constraint UK_f6ddlc476fbtgxorifesvc4ff unique (sku)
Hibernate: alter table if exists suppliers drop constraint if exists UK_bchau2evg2tdp9dv3if1gblur
2025-01-03T12:34:25.399+01:00  WARN 452151 --- [           main] o.h.engine.jdbc.spi.SqlExceptionHelper   : SQL Warning Code: 0, SQLState: 00000
2025-01-03T12:34:25.399+01:00  WARN 452151 --- [           main] o.h.engine.jdbc.spi.SqlExceptionHelper   : constraint "uk_bchau2evg2tdp9dv3if1gblur" of relation "suppliers" does not exist, skipping
Hibernate: alter table if exists suppliers add constraint UK_bchau2evg2tdp9dv3if1gblur unique (user_id)
Hibernate: alter table if exists users drop constraint if exists UK_6dotkott2kjsp8vw4d0m25fb7
2025-01-03T12:34:26.934+01:00  WARN 452151 --- [           main] o.h.engine.jdbc.spi.SqlExceptionHelper   : SQL Warning Code: 0, SQLState: 00000
2025-01-03T12:34:26.935+01:00  WARN 452151 --- [           main] o.h.engine.jdbc.spi.SqlExceptionHelper   : constraint "uk_6dotkott2kjsp8vw4d0m25fb7" of relation "users" does not exist, skipping
Hibernate: alter table if exists users add constraint UK_6dotkott2kjsp8vw4d0m25fb7 unique (email)
Hibernate: create sequence customers_seq start with 1 increment by 50
Hibernate: create sequence product_category_id_sequence start with 1 increment by 50
Hibernate: create sequence suppliers_seq start with 1 increment by 50
Hibernate: alter table if exists customers add constraint FKrh1g1a20omjmn6kurd35o3eit foreign key (user_id) references users on delete cascade
Hibernate: alter table if exists order_items add constraint FKbioxgbv59vetrxe0ejfubep1w foreign key (order_id) references orders on delete set null
Hibernate: alter table if exists order_items add constraint FKocimc7dtr037rh4ls4l95nlfi foreign key (product_id) references products on delete set null
Hibernate: alter table if exists orders add constraint FKpxtb8awmi0dk6smoh2vp1litg foreign key (customer_id) references customers
Hibernate: alter table if exists product_categories add constraint FKd112rx0alycddsms029iifrih foreign key (category_id) references categories on delete set null
Hibernate: alter table if exists product_images add constraint FKqnq71xsohugpqwf3c9gxmsuy foreign key (product_id) references products
Hibernate: alter table if exists products add constraint FK6t5dtw6tyo83ywljwohuc6g7k foreign key (category_id) references product_categories on delete set null
Hibernate: alter table if exists products add constraint FK6i174ixi9087gcvvut45em7fd foreign key (supplier_id) references suppliers on delete cascade
Hibernate: alter table if exists stocks add constraint FK7p8fa9wo5ml0vrnl85v4ytgqc foreign key (created_by) references users
Hibernate: alter table if exists stocks add constraint FKff7be959jyco0iukc1dcjj9qm foreign key (product_id) references products
Hibernate: alter table if exists stocks add constraint FK4itrn8h67q13ntfn5ijtiiei3 foreign key (updated_by) references users
Hibernate: alter table if exists suppliers add constraint FKja3xaqihwgllahrmo5op9ks4d foreign key (user_id) references users
2025-01-03T12:34:36.562+01:00  INFO 452151 --- [           main] j.LocalContainerEntityManagerFactoryBean : Initialized JPA EntityManagerFactory for persistence unit 'default'
org.springframework.security.authentication.dao.DaoAuthenticationProvider@648f48d3
2025-01-03T12:34:37.769+01:00  INFO 452151 --- [           main] eAuthenticationProviderManagerConfigurer : Global AuthenticationManager configured with AuthenticationProvider bean with name authenticationProvider
2025-01-03T12:34:37.771+01:00  WARN 452151 --- [           main] r$InitializeUserDetailsManagerConfigurer : Global AuthenticationManager configured with an AuthenticationProvider bean. UserDetailsService beans will not be used by Spring Security for automatically configuring username/password login. Consider removing the AuthenticationProvider bean. Alternatively, consider using the UserDetailsService in a manually instantiated DaoAuthenticationProvider. If the current configuration is intentional, to turn off this warning, increase the logging level of 'org.springframework.security.config.annotation.authentication.configuration.InitializeUserDetailsBeanManagerConfigurer' to ERROR
2025-01-03T12:34:38.230+01:00  WARN 452151 --- [           main] JpaBaseConfiguration$JpaWebConfiguration : spring.jpa.open-in-view is enabled by default. Therefore, database queries may be performed during view rendering. Explicitly configure spring.jpa.open-in-view to disable this warning
2025-01-03T12:34:38.726+01:00 DEBUG 452151 --- [           main] s.w.s.m.m.a.RequestMappingHandlerMapping : 47 mappings in 'requestMappingHandlerMapping'
2025-01-03T12:34:38.881+01:00 DEBUG 452151 --- [           main] o.s.w.s.handler.SimpleUrlHandlerMapping  : Patterns [/webjars/**, /**] in 'resourceHandlerMapping'
2025-01-03T12:34:39.382+01:00 DEBUG 452151 --- [           main] s.w.s.m.m.a.RequestMappingHandlerAdapter : ControllerAdvice beans: 0 @ModelAttribute, 0 @InitBinder, 1 RequestBodyAdvice, 1 ResponseBodyAdvice
2025-01-03T12:34:39.499+01:00 DEBUG 452151 --- [           main] .m.m.a.ExceptionHandlerExceptionResolver : ControllerAdvice beans: 0 @ExceptionHandler, 1 ResponseBodyAdvice
2025-01-03T12:34:39.858+01:00  INFO 452151 --- [           main] c.m.magazina.MagazinaApplicationTests    : Started MagazinaApplicationTests in 49.355 seconds (process running for 51.067)
Hibernate: select u1_0.id,u1_0.created_at,u1_0.email,u1_0.firstname,u1_0.lastname,u1_0.password,u1_0.phone,u1_0.role,u1_0.updated_at from users u1_0 where u1_0.email=?
Hibernate: select u1_0.id,u1_0.created_at,u1_0.email,u1_0.firstname,u1_0.lastname,u1_0.password,u1_0.phone,u1_0.role,u1_0.updated_at from users u1_0 where u1_0.email=?
role: ADMIN
Hibernate: insert into users (created_at,email,firstname,lastname,password,phone,role,updated_at) values (?,?,?,?,?,?,?,?)



Role: ADMIN
User(id=1, firstname=Admin, lastname=Admin, email=admin@gmail.com, phone=null, password=$2a$10$eW70/edDdjzfT1Q5SM5T3.MvwSfkiluejnReDe46ZAZp0RGiO8oxy, role=ADMIN, createdAt=null, updatedAt=null, supplier=null, customer=null, createdStocks=null, updatedStocks=null)
Token Claims: {role=ADMIN, userId=1, username=}
ADMIN token: eyJhbGciOiJIUzI1NiJ9.eyJyb2xlIjoiQURNSU4iLCJ1c2VySWQiOiIxIiwidXNlcm5hbWUiOiIiLCJzdWIiOiIiLCJpYXQiOjE3MzU5MDQwODMsImV4cCI6MTc0MzY4MDA4M30.YyX6Yfe32LYIY92VmfMgvXw5QH95RgfbTa6szW_0Ino
Hibernate: select u1_0.id,u1_0.created_at,u1_0.email,u1_0.firstname,u1_0.lastname,u1_0.password,u1_0.phone,u1_0.role,u1_0.updated_at from users u1_0 where u1_0.email=?
Hibernate: select u1_0.id,u1_0.created_at,u1_0.email,u1_0.firstname,u1_0.lastname,u1_0.password,u1_0.phone,u1_0.role,u1_0.updated_at from users u1_0 where u1_0.email=?
role: MANAGER
Hibernate: insert into users (created_at,email,firstname,lastname,password,phone,role,updated_at) values (?,?,?,?,?,?,?,?)



Role: MANAGER
User(id=2, firstname=Manager, lastname=Manager, email=manager@gmail.com, phone=null, password=$2a$10$tPWAz/vTH4ex5CHRXMX1seUnqTDm3DW.6qcQmKIhqflrX03nLvKLq, role=MANAGER, createdAt=null, updatedAt=null, supplier=null, customer=null, createdStocks=null, updatedStocks=null)
Token Claims: {role=MANAGER, userId=2, username=}
Manager token: eyJhbGciOiJIUzI1NiJ9.eyJyb2xlIjoiTUFOQUdFUiIsInVzZXJJZCI6IjIiLCJ1c2VybmFtZSI6IiIsInN1YiI6IiIsImlhdCI6MTczNTkwNDA4NywiZXhwIjoxNzQzNjgwMDg3fQ.UxdChbM_VMl4byhr7lwsh3hlNYokJ6HdyewwPbe094Y
]]></system-out>
    <system-err><![CDATA[Mockito is currently self-attaching to enable the inline-mock-maker. This will no longer work in future releases of the JDK. Please add Mockito as an agent to your build what is described in Mockito's documentation: https://javadoc.io/doc/org.mockito/mockito-core/latest/org/mockito/Mockito.html#0.3
WARNING: A Java agent has been loaded dynamically (/home/mimche/.m2/repository/net/bytebuddy/byte-buddy-agent/1.15.10/byte-buddy-agent-1.15.10.jar)
WARNING: If a serviceability tool is in use, please run with -XX:+EnableDynamicAgentLoading to hide this warning
WARNING: If a serviceability tool is not in use, please run with -Djdk.instrument.traceUsage for more information
WARNING: Dynamic loading of agents will be disallowed by default in a future release
]]></system-err>
  </testcase>
</testsuite>